<?xml version="1.0" encoding="UTF-8"?>
<!-- Generated by org.testng.reporters.JUnitReportReporter -->
<testsuite hostname="Shelly-ka-Laptop" failures="0" tests="1" name="com.learnauto.testcases.LogInTestCRM" time="11.982" errors="0" timestamp="2020-06-25T13:45:41 IST" skipped="0">
  <testcase classname="com.learnauto.testcases.LogInTestCRM" name="logInApp" time="11.982"/>
  <system-out/>
</testsuite> <!-- com.learnauto.testcases.LogInTestCRM -->
