<?xml version="1.0" encoding="UTF-8"?>
<!-- Generated by org.testng.reporters.JUnitReportReporter -->
<testsuite hostname="Shelly-ka-Laptop" failures="0" tests="1" name="com.learnauto.testcases.LoinTestCRM" time="10.848" errors="0" timestamp="2020-06-20T12:52:20 IST" skipped="0">
  <testcase classname="com.learnauto.testcases.LoinTestCRM" name="logInApp" time="10.848"/>
  <system-out/>
</testsuite> <!-- com.learnauto.testcases.LoinTestCRM -->
